running develop
running egg_info
creating rn1.egg-info
writing rn1.egg-info/PKG-INFO
writing dependency_links to rn1.egg-info/dependency_links.txt
writing entry points to rn1.egg-info/entry_points.txt
writing requirements to rn1.egg-info/requires.txt
writing top-level names to rn1.egg-info/top_level.txt
writing manifest file 'rn1.egg-info/SOURCES.txt'
reading manifest file 'rn1.egg-info/SOURCES.txt'
writing manifest file 'rn1.egg-info/SOURCES.txt'
running build_ext
Creating /ros2_ws/install/rn1/lib/python3.10/site-packages/rn1.egg-link (link to .)

Installed /ros2_ws/build/rn1
running symlink_data
creating /ros2_ws/install/rn1/share/ament_index
creating /ros2_ws/install/rn1/share/ament_index/resource_index
creating /ros2_ws/install/rn1/share/ament_index/resource_index/packages
symbolically linking /ros2_ws/build/rn1/resource/rn1 -> /ros2_ws/install/rn1/share/ament_index/resource_index/packages
symbolically linking /ros2_ws/build/rn1/package.xml -> /ros2_ws/install/rn1/share/rn1
