running develop
running egg_info
creating rn2.egg-info
writing rn2.egg-info/PKG-INFO
writing dependency_links to rn2.egg-info/dependency_links.txt
writing entry points to rn2.egg-info/entry_points.txt
writing requirements to rn2.egg-info/requires.txt
writing top-level names to rn2.egg-info/top_level.txt
writing manifest file 'rn2.egg-info/SOURCES.txt'
reading manifest file 'rn2.egg-info/SOURCES.txt'
writing manifest file 'rn2.egg-info/SOURCES.txt'
running build_ext
Creating /ros2_ws/install/rn2/lib/python3.10/site-packages/rn2.egg-link (link to .)

Installed /ros2_ws/build/rn2
running symlink_data
creating /ros2_ws/install/rn2/share/ament_index
creating /ros2_ws/install/rn2/share/ament_index/resource_index
creating /ros2_ws/install/rn2/share/ament_index/resource_index/packages
symbolically linking /ros2_ws/build/rn2/resource/rn2 -> /ros2_ws/install/rn2/share/ament_index/resource_index/packages
symbolically linking /ros2_ws/build/rn2/package.xml -> /ros2_ws/install/rn2/share/rn2
