[0.019s] Invoking command in '/ros2_ws/build/mission_action': CMAKE_PREFIX_PATH=/opt/ros/humble /usr/bin/cmake /ros2_ws/mission_action -DAMENT_CMAKE_SYMLINK_INSTALL=1 -DCMAKE_INSTALL_PREFIX=/ros2_ws/install/mission_action
[0.303s] -- The C compiler identification is GNU 11.4.0
[0.308s] -- The CXX compiler identification is GNU 11.4.0
[0.315s] -- Detecting C compiler ABI info
[0.353s] -- Detecting C compiler ABI info - done
[0.357s] -- Check for working C compiler: /usr/bin/cc - skipped
[0.357s] -- Detecting C compile features
[0.358s] -- Detecting C compile features - done
[0.360s] -- Detecting CXX compiler ABI info
[0.398s] -- Detecting CXX compiler ABI info - done
[0.403s] -- Check for working CXX compiler: /usr/bin/c++ - skipped
[0.403s] -- Detecting CXX compile features
[0.403s] -- Detecting CXX compile features - done
[0.406s] -- Found ament_cmake: 1.3.11 (/opt/ros/humble/share/ament_cmake/cmake)
[0.473s] -- Found Python3: /usr/bin/python3 (found version "3.10.12") found components: Interpreter 
[0.506s] -- Override CMake install command with custom implementation using symlinks instead of copying resources
[0.522s] -- Found action_msgs: 1.2.1 (/opt/ros/humble/share/action_msgs/cmake)
[0.543s] -- Found rosidl_generator_c: 3.1.6 (/opt/ros/humble/share/rosidl_generator_c/cmake)
[0.546s] -- Found rosidl_adapter: 3.1.6 (/opt/ros/humble/share/rosidl_adapter/cmake)
[0.551s] -- Found rosidl_generator_cpp: 3.1.6 (/opt/ros/humble/share/rosidl_generator_cpp/cmake)
[0.560s] -- Using all available rosidl_typesupport_c: rosidl_typesupport_fastrtps_c;rosidl_typesupport_introspection_c
[0.569s] -- Using all available rosidl_typesupport_cpp: rosidl_typesupport_fastrtps_cpp;rosidl_typesupport_introspection_cpp
[0.593s] -- Found std_msgs: 4.2.4 (/opt/ros/humble/share/std_msgs/cmake)
[0.604s] -- Found rosidl_default_generators: 1.2.0 (/opt/ros/humble/share/rosidl_default_generators/cmake)
[0.610s] -- Found ament_lint_auto: 0.12.11 (/opt/ros/humble/share/ament_lint_auto/cmake)
[0.653s] -- Added test 'lint_cmake' to check CMake code style
[0.654s] -- Added test 'xmllint' to check XML markup files
[0.654s] -- Configuring done
[0.657s] -- Generating done
[0.658s] -- Build files have been written to: /ros2_ws/build/mission_action
[0.660s] Invoked command in '/ros2_ws/build/mission_action' returned '0': CMAKE_PREFIX_PATH=/opt/ros/humble /usr/bin/cmake /ros2_ws/mission_action -DAMENT_CMAKE_SYMLINK_INSTALL=1 -DCMAKE_INSTALL_PREFIX=/ros2_ws/install/mission_action
[0.661s] Invoking command in '/ros2_ws/build/mission_action': CMAKE_PREFIX_PATH=/opt/ros/humble /usr/bin/cmake --build /ros2_ws/build/mission_action -- -j8 -l8
[0.678s] Invoked command in '/ros2_ws/build/mission_action' returned '0': CMAKE_PREFIX_PATH=/opt/ros/humble /usr/bin/cmake --build /ros2_ws/build/mission_action -- -j8 -l8
[0.683s] Invoking command in '/ros2_ws/build/mission_action': CMAKE_PREFIX_PATH=/opt/ros/humble /usr/bin/cmake --install /ros2_ws/build/mission_action
[0.686s] -- Install configuration: ""
[0.686s] -- Execute custom install script
[0.686s] -- Symlinking: /ros2_ws/install/mission_action/share/ament_index/resource_index/package_run_dependencies/mission_action
[0.690s] -- Symlinking: /ros2_ws/install/mission_action/share/ament_index/resource_index/parent_prefix_path/mission_action
[0.693s] -- Symlinking: /ros2_ws/install/mission_action/share/mission_action/environment/ament_prefix_path.sh
[0.696s] -- Symlinking: /ros2_ws/install/mission_action/share/mission_action/environment/ament_prefix_path.dsv
[0.698s] -- Symlinking: /ros2_ws/install/mission_action/share/mission_action/environment/path.sh
[0.701s] -- Symlinking: /ros2_ws/install/mission_action/share/mission_action/environment/path.dsv
[0.704s] -- Symlinking: /ros2_ws/install/mission_action/share/mission_action/local_setup.bash
[0.707s] -- Symlinking: /ros2_ws/install/mission_action/share/mission_action/local_setup.sh
[0.710s] -- Symlinking: /ros2_ws/install/mission_action/share/mission_action/local_setup.zsh
[0.712s] -- Symlinking: /ros2_ws/install/mission_action/share/mission_action/local_setup.dsv
[0.715s] -- Symlinking: /ros2_ws/install/mission_action/share/mission_action/package.dsv
[0.717s] -- Symlinking: /ros2_ws/install/mission_action/share/ament_index/resource_index/packages/mission_action
[0.720s] -- Symlinking: /ros2_ws/install/mission_action/share/mission_action/cmake/mission_actionConfig.cmake
[0.723s] -- Symlinking: /ros2_ws/install/mission_action/share/mission_action/cmake/mission_actionConfig-version.cmake
[0.726s] -- Symlinking: /ros2_ws/install/mission_action/share/mission_action/package.xml
[0.729s] Invoked command in '/ros2_ws/build/mission_action' returned '0': CMAKE_PREFIX_PATH=/opt/ros/humble /usr/bin/cmake --install /ros2_ws/build/mission_action
