[0.098s] DEBUG:colcon:Command line arguments: ['/usr/bin/colcon', 'build', '--symlink-install']
[0.098s] DEBUG:colcon:Parsed command line arguments: Namespace(log_base=None, log_level=None, verb_name='build', build_base='build', install_base='install', merge_install=False, symlink_install=True, test_result_base=None, continue_on_error=False, executor='parallel', parallel_workers=8, event_handlers=None, ignore_user_meta=False, metas=['./colcon.meta'], base_paths=['.'], packages_ignore=None, packages_ignore_regex=None, paths=None, packages_up_to=None, packages_up_to_regex=None, packages_above=None, packages_above_and_dependencies=None, packages_above_depth=None, packages_select_by_dep=None, packages_skip_by_dep=None, packages_skip_up_to=None, packages_select_build_failed=False, packages_skip_build_finished=False, packages_select_test_failures=False, packages_skip_test_passed=False, packages_select=None, packages_skip=None, packages_select_regex=None, packages_skip_regex=None, packages_start=None, packages_end=None, cmake_args=None, cmake_target=None, cmake_target_skip_unavailable=False, cmake_clean_cache=False, cmake_clean_first=False, cmake_force_configure=False, ament_cmake_args=None, catkin_cmake_args=None, catkin_skip_building_tests=False, mixin_files=None, mixin=None, verb_parser=<colcon_mixin.mixin.mixin_argument.MixinArgumentDecorator object at 0xffff99285270>, verb_extension=<colcon_core.verb.build.BuildVerb object at 0xffff9948ec50>, main=<bound method BuildVerb.main of <colcon_core.verb.build.BuildVerb object at 0xffff9948ec50>>, mixin_verb=('build',))
[0.185s] Level 1:colcon.colcon_core.package_discovery:discover_packages(colcon_meta) check parameters
[0.186s] INFO:colcon.colcon_metadata.package_discovery.colcon_meta:Using configuration from '/root/.colcon/metadata/default/Gazebo.meta'
[0.186s] INFO:colcon.colcon_metadata.package_discovery.colcon_meta:Using configuration from '/root/.colcon/metadata/default/fastrtps.meta'
[0.186s] Level 1:colcon.colcon_core.package_discovery:discover_packages(recursive) check parameters
[0.186s] Level 1:colcon.colcon_core.package_discovery:discover_packages(ignore) check parameters
[0.186s] Level 1:colcon.colcon_core.package_discovery:discover_packages(path) check parameters
[0.186s] Level 1:colcon.colcon_core.package_discovery:discover_packages(colcon_meta) discover
[0.186s] Level 1:colcon.colcon_core.package_discovery:discover_packages(recursive) discover
[0.186s] INFO:colcon.colcon_core.package_discovery:Crawling recursively for packages in '/ros2_ws'
[0.186s] Level 1:colcon.colcon_core.package_identification:_identify(.) by extensions ['ignore', 'ignore_ament_install']
[0.186s] Level 1:colcon.colcon_core.package_identification:_identify(.) by extension 'ignore'
[0.186s] Level 1:colcon.colcon_core.package_identification:_identify(.) by extension 'ignore_ament_install'
[0.187s] Level 1:colcon.colcon_core.package_identification:_identify(.) by extensions ['colcon_pkg']
[0.187s] Level 1:colcon.colcon_core.package_identification:_identify(.) by extension 'colcon_pkg'
[0.187s] Level 1:colcon.colcon_core.package_identification:_identify(.) by extensions ['colcon_meta']
[0.187s] Level 1:colcon.colcon_core.package_identification:_identify(.) by extension 'colcon_meta'
[0.187s] Level 1:colcon.colcon_core.package_identification:_identify(.) by extensions ['ros']
[0.187s] Level 1:colcon.colcon_core.package_identification:_identify(.) by extension 'ros'
[0.193s] Level 1:colcon.colcon_core.package_identification:_identify(.) by extensions ['cmake', 'python']
[0.193s] Level 1:colcon.colcon_core.package_identification:_identify(.) by extension 'cmake'
[0.193s] Level 1:colcon.colcon_core.package_identification:_identify(.) by extension 'python'
[0.193s] Level 1:colcon.colcon_core.package_identification:_identify(.) by extensions ['python_setup_py']
[0.193s] Level 1:colcon.colcon_core.package_identification:_identify(.) by extension 'python_setup_py'
[0.193s] Level 1:colcon.colcon_core.package_identification:_identify(build) by extensions ['ignore', 'ignore_ament_install']
[0.193s] Level 1:colcon.colcon_core.package_identification:_identify(build) by extension 'ignore'
[0.193s] Level 1:colcon.colcon_core.package_identification:_identify(build) ignored
[0.193s] Level 1:colcon.colcon_core.package_identification:_identify(install) by extensions ['ignore', 'ignore_ament_install']
[0.193s] Level 1:colcon.colcon_core.package_identification:_identify(install) by extension 'ignore'
[0.193s] Level 1:colcon.colcon_core.package_identification:_identify(install) ignored
[0.193s] Level 1:colcon.colcon_core.package_identification:_identify(log) by extensions ['ignore', 'ignore_ament_install']
[0.193s] Level 1:colcon.colcon_core.package_identification:_identify(log) by extension 'ignore'
[0.193s] Level 1:colcon.colcon_core.package_identification:_identify(log) ignored
[0.193s] Level 1:colcon.colcon_core.package_identification:_identify(rn1) by extensions ['ignore', 'ignore_ament_install']
[0.193s] Level 1:colcon.colcon_core.package_identification:_identify(rn1) by extension 'ignore'
[0.193s] Level 1:colcon.colcon_core.package_identification:_identify(rn1) by extension 'ignore_ament_install'
[0.193s] Level 1:colcon.colcon_core.package_identification:_identify(rn1) by extensions ['colcon_pkg']
[0.193s] Level 1:colcon.colcon_core.package_identification:_identify(rn1) by extension 'colcon_pkg'
[0.193s] Level 1:colcon.colcon_core.package_identification:_identify(rn1) by extensions ['colcon_meta']
[0.193s] Level 1:colcon.colcon_core.package_identification:_identify(rn1) by extension 'colcon_meta'
[0.193s] Level 1:colcon.colcon_core.package_identification:_identify(rn1) by extensions ['ros']
[0.193s] Level 1:colcon.colcon_core.package_identification:_identify(rn1) by extension 'ros'
[0.195s] DEBUG:colcon.colcon_core.package_identification:Package 'rn1' with type 'ros.ament_python' and name 'rn1'
[0.195s] Level 1:colcon.colcon_core.package_identification:_identify(rn2) by extensions ['ignore', 'ignore_ament_install']
[0.195s] Level 1:colcon.colcon_core.package_identification:_identify(rn2) by extension 'ignore'
[0.195s] Level 1:colcon.colcon_core.package_identification:_identify(rn2) by extension 'ignore_ament_install'
[0.195s] Level 1:colcon.colcon_core.package_identification:_identify(rn2) by extensions ['colcon_pkg']
[0.195s] Level 1:colcon.colcon_core.package_identification:_identify(rn2) by extension 'colcon_pkg'
[0.195s] Level 1:colcon.colcon_core.package_identification:_identify(rn2) by extensions ['colcon_meta']
[0.195s] Level 1:colcon.colcon_core.package_identification:_identify(rn2) by extension 'colcon_meta'
[0.195s] Level 1:colcon.colcon_core.package_identification:_identify(rn2) by extensions ['ros']
[0.195s] Level 1:colcon.colcon_core.package_identification:_identify(rn2) by extension 'ros'
[0.195s] DEBUG:colcon.colcon_core.package_identification:Package 'rn2' with type 'ros.ament_python' and name 'rn2'
[0.195s] Level 1:colcon.colcon_core.package_discovery:discover_packages(recursive) using defaults
[0.195s] Level 1:colcon.colcon_core.package_discovery:discover_packages(ignore) discover
[0.195s] Level 1:colcon.colcon_core.package_discovery:discover_packages(ignore) using defaults
[0.195s] Level 1:colcon.colcon_core.package_discovery:discover_packages(path) discover
[0.195s] Level 1:colcon.colcon_core.package_discovery:discover_packages(path) using defaults
[0.212s] Level 5:colcon.colcon_core.verb:set package 'rn1' build argument 'cmake_args' from command line to 'None'
[0.212s] Level 5:colcon.colcon_core.verb:set package 'rn1' build argument 'cmake_target' from command line to 'None'
[0.212s] Level 5:colcon.colcon_core.verb:set package 'rn1' build argument 'cmake_target_skip_unavailable' from command line to 'False'
[0.212s] Level 5:colcon.colcon_core.verb:set package 'rn1' build argument 'cmake_clean_cache' from command line to 'False'
[0.212s] Level 5:colcon.colcon_core.verb:set package 'rn1' build argument 'cmake_clean_first' from command line to 'False'
[0.212s] Level 5:colcon.colcon_core.verb:set package 'rn1' build argument 'cmake_force_configure' from command line to 'False'
[0.212s] Level 5:colcon.colcon_core.verb:set package 'rn1' build argument 'ament_cmake_args' from command line to 'None'
[0.212s] Level 5:colcon.colcon_core.verb:set package 'rn1' build argument 'catkin_cmake_args' from command line to 'None'
[0.212s] Level 5:colcon.colcon_core.verb:set package 'rn1' build argument 'catkin_skip_building_tests' from command line to 'False'
[0.212s] DEBUG:colcon.colcon_core.verb:Building package 'rn1' with the following arguments: {'ament_cmake_args': None, 'build_base': '/ros2_ws/build/rn1', 'catkin_cmake_args': None, 'catkin_skip_building_tests': False, 'cmake_args': None, 'cmake_clean_cache': False, 'cmake_clean_first': False, 'cmake_force_configure': False, 'cmake_target': None, 'cmake_target_skip_unavailable': False, 'install_base': '/ros2_ws/install/rn1', 'merge_install': False, 'path': '/ros2_ws/rn1', 'symlink_install': True, 'test_result_base': None}
[0.212s] Level 5:colcon.colcon_core.verb:set package 'rn2' build argument 'cmake_args' from command line to 'None'
[0.212s] Level 5:colcon.colcon_core.verb:set package 'rn2' build argument 'cmake_target' from command line to 'None'
[0.213s] Level 5:colcon.colcon_core.verb:set package 'rn2' build argument 'cmake_target_skip_unavailable' from command line to 'False'
[0.213s] Level 5:colcon.colcon_core.verb:set package 'rn2' build argument 'cmake_clean_cache' from command line to 'False'
[0.213s] Level 5:colcon.colcon_core.verb:set package 'rn2' build argument 'cmake_clean_first' from command line to 'False'
[0.213s] Level 5:colcon.colcon_core.verb:set package 'rn2' build argument 'cmake_force_configure' from command line to 'False'
[0.213s] Level 5:colcon.colcon_core.verb:set package 'rn2' build argument 'ament_cmake_args' from command line to 'None'
[0.213s] Level 5:colcon.colcon_core.verb:set package 'rn2' build argument 'catkin_cmake_args' from command line to 'None'
[0.213s] Level 5:colcon.colcon_core.verb:set package 'rn2' build argument 'catkin_skip_building_tests' from command line to 'False'
[0.213s] DEBUG:colcon.colcon_core.verb:Building package 'rn2' with the following arguments: {'ament_cmake_args': None, 'build_base': '/ros2_ws/build/rn2', 'catkin_cmake_args': None, 'catkin_skip_building_tests': False, 'cmake_args': None, 'cmake_clean_cache': False, 'cmake_clean_first': False, 'cmake_force_configure': False, 'cmake_target': None, 'cmake_target_skip_unavailable': False, 'install_base': '/ros2_ws/install/rn2', 'merge_install': False, 'path': '/ros2_ws/rn2', 'symlink_install': True, 'test_result_base': None}
[0.213s] INFO:colcon.colcon_core.executor:Executing jobs using 'parallel' executor
[0.213s] DEBUG:colcon.colcon_parallel_executor.executor.parallel:run_until_complete
[0.213s] INFO:colcon.colcon_ros.task.ament_python.build:Building ROS package in '/ros2_ws/rn1' with build type 'ament_python'
[0.213s] Level 1:colcon.colcon_core.shell:create_environment_hook('rn1', 'ament_prefix_path')
[0.216s] INFO:colcon.colcon_core.plugin_system:Skipping extension 'colcon_core.shell.bat': Not used on non-Windows systems
[0.216s] INFO:colcon.colcon_core.shell:Creating environment hook '/ros2_ws/install/rn1/share/rn1/hook/ament_prefix_path.ps1'
[0.217s] INFO:colcon.colcon_core.shell:Creating environment descriptor '/ros2_ws/install/rn1/share/rn1/hook/ament_prefix_path.dsv'
[0.217s] INFO:colcon.colcon_core.shell:Creating environment hook '/ros2_ws/install/rn1/share/rn1/hook/ament_prefix_path.sh'
[0.218s] INFO:colcon.colcon_core.shell:Skip shell extension 'powershell' for command environment: Not usable outside of PowerShell
[0.218s] DEBUG:colcon.colcon_core.shell:Skip shell extension 'dsv' for command environment
[0.220s] INFO:colcon.colcon_ros.task.ament_python.build:Building ROS package in '/ros2_ws/rn2' with build type 'ament_python'
[0.220s] Level 1:colcon.colcon_core.shell:create_environment_hook('rn2', 'ament_prefix_path')
[0.220s] INFO:colcon.colcon_core.shell:Creating environment hook '/ros2_ws/install/rn2/share/rn2/hook/ament_prefix_path.ps1'
[0.220s] INFO:colcon.colcon_core.shell:Creating environment descriptor '/ros2_ws/install/rn2/share/rn2/hook/ament_prefix_path.dsv'
[0.221s] INFO:colcon.colcon_core.shell:Creating environment hook '/ros2_ws/install/rn2/share/rn2/hook/ament_prefix_path.sh'
[0.221s] INFO:colcon.colcon_core.shell:Skip shell extension 'powershell' for command environment: Not usable outside of PowerShell
[0.221s] DEBUG:colcon.colcon_core.shell:Skip shell extension 'dsv' for command environment
[0.309s] INFO:colcon.colcon_core.task.python.build:Building Python package in '/ros2_ws/rn1'
[0.309s] INFO:colcon.colcon_core.shell:Skip shell extension 'powershell' for command environment: Not usable outside of PowerShell
[0.309s] DEBUG:colcon.colcon_core.shell:Skip shell extension 'dsv' for command environment
[0.391s] INFO:colcon.colcon_core.task.python.build:Building Python package in '/ros2_ws/rn2'
[0.391s] INFO:colcon.colcon_core.shell:Skip shell extension 'powershell' for command environment: Not usable outside of PowerShell
[0.391s] DEBUG:colcon.colcon_core.shell:Skip shell extension 'dsv' for command environment
[0.538s] DEBUG:colcon.colcon_core.event_handler.log_command:Invoking command in '/ros2_ws/build/rn2': PYTHONPATH=/ros2_ws/build/rn2/prefix_override:/usr/lib/python3/dist-packages/colcon_core/task/python/colcon_distutils_commands:/ros2_ws/install/rn2/lib/python3.10/site-packages:${PYTHONPATH} /usr/bin/python3 -W ignore:setup.py install is deprecated -W ignore:easy_install command is deprecated setup.py develop --editable --build-directory /ros2_ws/build/rn2/build --no-deps symlink_data
[0.539s] DEBUG:colcon.colcon_core.event_handler.log_command:Invoking command in '/ros2_ws/build/rn1': PYTHONPATH=/ros2_ws/build/rn1/prefix_override:/usr/lib/python3/dist-packages/colcon_core/task/python/colcon_distutils_commands:/ros2_ws/install/rn1/lib/python3.10/site-packages:${PYTHONPATH} /usr/bin/python3 -W ignore:setup.py install is deprecated -W ignore:easy_install command is deprecated setup.py develop --editable --build-directory /ros2_ws/build/rn1/build --no-deps symlink_data
[0.665s] Level 1:colcon.colcon_core.shell:create_environment_hook('rn1', 'pythonpath_develop')
[0.665s] INFO:colcon.colcon_core.shell:Creating environment hook '/ros2_ws/build/rn1/share/rn1/hook/pythonpath_develop.ps1'
[0.666s] DEBUG:colcon.colcon_core.event_handler.log_command:Invoked command in '/ros2_ws/build/rn1' returned '0': PYTHONPATH=/ros2_ws/build/rn1/prefix_override:/usr/lib/python3/dist-packages/colcon_core/task/python/colcon_distutils_commands:/ros2_ws/install/rn1/lib/python3.10/site-packages:${PYTHONPATH} /usr/bin/python3 -W ignore:setup.py install is deprecated -W ignore:easy_install command is deprecated setup.py develop --editable --build-directory /ros2_ws/build/rn1/build --no-deps symlink_data
[0.666s] INFO:colcon.colcon_core.shell:Creating environment descriptor '/ros2_ws/build/rn1/share/rn1/hook/pythonpath_develop.dsv'
[0.666s] INFO:colcon.colcon_core.shell:Creating environment hook '/ros2_ws/build/rn1/share/rn1/hook/pythonpath_develop.sh'
[0.669s] Level 1:colcon.colcon_core.environment:checking '/ros2_ws/install/rn1' for CMake module files
[0.670s] Level 1:colcon.colcon_core.environment:checking '/ros2_ws/install/rn1' for CMake config files
[0.670s] Level 1:colcon.colcon_core.environment:checking '/ros2_ws/install/rn1/lib'
[0.670s] Level 1:colcon.colcon_core.environment:checking '/ros2_ws/install/rn1/bin'
[0.670s] Level 1:colcon.colcon_core.environment:checking '/ros2_ws/install/rn1/lib/pkgconfig/rn1.pc'
[0.670s] Level 1:colcon.colcon_core.environment:checking '/ros2_ws/install/rn1/lib/python3.10/site-packages'
[0.670s] Level 1:colcon.colcon_core.shell:create_environment_hook('rn1', 'pythonpath')
[0.670s] INFO:colcon.colcon_core.shell:Creating environment hook '/ros2_ws/install/rn1/share/rn1/hook/pythonpath.ps1'
[0.670s] INFO:colcon.colcon_core.shell:Creating environment descriptor '/ros2_ws/install/rn1/share/rn1/hook/pythonpath.dsv'
[0.670s] INFO:colcon.colcon_core.shell:Creating environment hook '/ros2_ws/install/rn1/share/rn1/hook/pythonpath.sh'
[0.671s] Level 1:colcon.colcon_core.environment:checking '/ros2_ws/install/rn1/bin'
[0.671s] Level 1:colcon.colcon_core.environment:create_environment_scripts_only(rn1)
[0.671s] INFO:colcon.colcon_core.shell:Creating package script '/ros2_ws/install/rn1/share/rn1/package.ps1'
[0.671s] INFO:colcon.colcon_core.shell:Creating package descriptor '/ros2_ws/install/rn1/share/rn1/package.dsv'
[0.672s] INFO:colcon.colcon_core.shell:Creating package script '/ros2_ws/install/rn1/share/rn1/package.sh'
[0.672s] INFO:colcon.colcon_core.shell:Creating package script '/ros2_ws/install/rn1/share/rn1/package.bash'
[0.672s] INFO:colcon.colcon_core.shell:Creating package script '/ros2_ws/install/rn1/share/rn1/package.zsh'
[0.673s] Level 1:colcon.colcon_core.environment:create_file_with_runtime_dependencies(/ros2_ws/install/rn1/share/colcon-core/packages/rn1)
[0.673s] Level 1:colcon.colcon_core.shell:create_environment_hook('rn2', 'pythonpath_develop')
[0.673s] INFO:colcon.colcon_core.shell:Creating environment hook '/ros2_ws/build/rn2/share/rn2/hook/pythonpath_develop.ps1'
[0.674s] DEBUG:colcon.colcon_core.event_handler.log_command:Invoked command in '/ros2_ws/build/rn2' returned '0': PYTHONPATH=/ros2_ws/build/rn2/prefix_override:/usr/lib/python3/dist-packages/colcon_core/task/python/colcon_distutils_commands:/ros2_ws/install/rn2/lib/python3.10/site-packages:${PYTHONPATH} /usr/bin/python3 -W ignore:setup.py install is deprecated -W ignore:easy_install command is deprecated setup.py develop --editable --build-directory /ros2_ws/build/rn2/build --no-deps symlink_data
[0.674s] INFO:colcon.colcon_core.shell:Creating environment descriptor '/ros2_ws/build/rn2/share/rn2/hook/pythonpath_develop.dsv'
[0.674s] INFO:colcon.colcon_core.shell:Creating environment hook '/ros2_ws/build/rn2/share/rn2/hook/pythonpath_develop.sh'
[0.674s] Level 1:colcon.colcon_core.environment:checking '/ros2_ws/install/rn2' for CMake module files
[0.674s] Level 1:colcon.colcon_core.environment:checking '/ros2_ws/install/rn2' for CMake config files
[0.674s] Level 1:colcon.colcon_core.environment:checking '/ros2_ws/install/rn2/lib'
[0.675s] Level 1:colcon.colcon_core.environment:checking '/ros2_ws/install/rn2/bin'
[0.675s] Level 1:colcon.colcon_core.environment:checking '/ros2_ws/install/rn2/lib/pkgconfig/rn2.pc'
[0.675s] Level 1:colcon.colcon_core.environment:checking '/ros2_ws/install/rn2/lib/python3.10/site-packages'
[0.675s] Level 1:colcon.colcon_core.shell:create_environment_hook('rn2', 'pythonpath')
[0.675s] INFO:colcon.colcon_core.shell:Creating environment hook '/ros2_ws/install/rn2/share/rn2/hook/pythonpath.ps1'
[0.675s] INFO:colcon.colcon_core.shell:Creating environment descriptor '/ros2_ws/install/rn2/share/rn2/hook/pythonpath.dsv'
[0.675s] INFO:colcon.colcon_core.shell:Creating environment hook '/ros2_ws/install/rn2/share/rn2/hook/pythonpath.sh'
[0.675s] Level 1:colcon.colcon_core.environment:checking '/ros2_ws/install/rn2/bin'
[0.675s] Level 1:colcon.colcon_core.environment:create_environment_scripts_only(rn2)
[0.675s] INFO:colcon.colcon_core.shell:Creating package script '/ros2_ws/install/rn2/share/rn2/package.ps1'
[0.676s] INFO:colcon.colcon_core.shell:Creating package descriptor '/ros2_ws/install/rn2/share/rn2/package.dsv'
[0.676s] INFO:colcon.colcon_core.shell:Creating package script '/ros2_ws/install/rn2/share/rn2/package.sh'
[0.676s] INFO:colcon.colcon_core.shell:Creating package script '/ros2_ws/install/rn2/share/rn2/package.bash'
[0.676s] INFO:colcon.colcon_core.shell:Creating package script '/ros2_ws/install/rn2/share/rn2/package.zsh'
[0.676s] Level 1:colcon.colcon_core.environment:create_file_with_runtime_dependencies(/ros2_ws/install/rn2/share/colcon-core/packages/rn2)
[0.676s] DEBUG:colcon.colcon_parallel_executor.executor.parallel:closing loop
[0.676s] DEBUG:colcon.colcon_parallel_executor.executor.parallel:loop closed
[0.676s] DEBUG:colcon.colcon_parallel_executor.executor.parallel:run_until_complete finished with '0'
[0.676s] DEBUG:colcon.colcon_core.event_reactor:joining thread
[0.686s] INFO:colcon.colcon_core.plugin_system:Skipping extension 'colcon_notification.desktop_notification.notify_send': Could not find 'notify-send'
[0.686s] INFO:colcon.colcon_core.plugin_system:Skipping extension 'colcon_notification.desktop_notification.terminal_notifier': Not used on non-Darwin systems
[0.687s] INFO:colcon.colcon_core.plugin_system:Skipping extension 'colcon_notification.desktop_notification.win32': Not used on non-Windows systems
[0.687s] INFO:colcon.colcon_notification.desktop_notification:Sending desktop notification using 'notify2'
[0.687s] DEBUG:colcon.colcon_notification.desktop_notification.notify2:Failed to initialize notify2: org.freedesktop.DBus.Error.NotSupported: Unable to autolaunch a dbus-daemon without a $DISPLAY for X11
[0.687s] DEBUG:colcon.colcon_core.event_reactor:joined thread
[0.687s] INFO:colcon.colcon_core.shell:Creating prefix script '/ros2_ws/install/local_setup.ps1'
[0.687s] INFO:colcon.colcon_core.shell:Creating prefix util module '/ros2_ws/install/_local_setup_util_ps1.py'
[0.688s] INFO:colcon.colcon_core.shell:Creating prefix chain script '/ros2_ws/install/setup.ps1'
[0.688s] INFO:colcon.colcon_core.shell:Creating prefix script '/ros2_ws/install/local_setup.sh'
[0.689s] INFO:colcon.colcon_core.shell:Creating prefix util module '/ros2_ws/install/_local_setup_util_sh.py'
[0.689s] INFO:colcon.colcon_core.shell:Creating prefix chain script '/ros2_ws/install/setup.sh'
[0.689s] INFO:colcon.colcon_core.shell:Creating prefix script '/ros2_ws/install/local_setup.bash'
[0.690s] INFO:colcon.colcon_core.shell:Creating prefix chain script '/ros2_ws/install/setup.bash'
[0.690s] INFO:colcon.colcon_core.shell:Creating prefix script '/ros2_ws/install/local_setup.zsh'
[0.690s] INFO:colcon.colcon_core.shell:Creating prefix chain script '/ros2_ws/install/setup.zsh'
